#
# There is insufficient memory for the Java Runtime Environment to continue.
# Cannot create GC thread. Out of system resources.
# Possible reasons:
#   The system is out of physical RAM or swap space
#   In 32 bit mode, the process size limit was hit
# Possible solutions:
#   Reduce memory load on the system
#   Increase physical memory or swap space
#   Check if swap backing store is full
#   Use 64 bit Java on a 64 bit OS
#   Decrease Java heap size (-Xmx/-Xms)
#   Decrease number of Java threads
#   Decrease Java thread stack sizes (-Xss)
#   Set larger code cache with -XX:ReservedCodeCacheSize=
# This output file may be truncated or incomplete.
#
#  Out of Memory Error (gcTaskThread.cpp:46), pid=24812, tid=140007889372928
#
# JRE version:  (7.0_67-b01) (build )
# Java VM: Java HotSpot(TM) 64-Bit Server VM (24.65-b04 mixed mode linux-amd64 compressed oops)
# Failed to write core dump. Core dumps have been disabled. To enable core dumping, try "ulimit -c unlimited" before starting Java again
#

---------------  T H R E A D  ---------------

Current thread (0x00007f5618008800):  JavaThread "Unknown thread" [_thread_in_vm, id=24814, stack(0x00007f5620730000,0x00007f5620831000)]

Stack: [0x00007f5620730000,0x00007f5620831000],  sp=0x00007f562082f5a0,  free space=1021k
Native frames: (J=compiled Java code, j=interpreted, Vv=VM code, C=native code)
V  [libjvm.so+0x99eb8a]  VMError::report_and_die()+0x2ea
V  [libjvm.so+0x49721b]  report_vm_out_of_memory(char const*, int, unsigned long, char const*)+0x9b
V  [libjvm.so+0x5573ca]  GCTaskThread::GCTaskThread(GCTaskManager*, unsigned int, unsigned int)+0x11a
V  [libjvm.so+0x556948]  GCTaskManager::initialize()+0x2b8
V  [libjvm.so+0x83ea08]  ParallelScavengeHeap::initialize()+0x6f8
V  [libjvm.so+0x971dba]  Universe::initialize_heap()+0xca
V  [libjvm.so+0x972f89]  universe_init()+0x79
V  [libjvm.so+0x5b09f5]  init_globals()+0x65
V  [libjvm.so+0x95a8ed]  Threads::create_vm(JavaVMInitArgs*, bool*)+0x1ed
V  [libjvm.so+0x638a34]  JNI_CreateJavaVM+0x74
C  [libjli.so+0x2f8e]  JavaMain+0x9e


---------------  P R O C E S S  ---------------

Java Threads: ( => current thread )

Other Threads:

=>0x00007f5618008800 (exited) JavaThread "Unknown thread" [_thread_in_vm, id=24814, stack(0x00007f5620730000,0x00007f5620831000)]

VM state:not at safepoint (not fully initialized)

VM Mutex/Monitor currently owned by a thread: None

GC Heap History (0 events):
No events

Deoptimization events (0 events):
No events

Internal exceptions (0 events):
No events

Events (0 events):
No events


Dynamic libraries:
00400000-00401000 r-xp 00000000 fd:00 403268                             /usr/java/jdk1.7.0_67/bin/java
00600000-00601000 rw-p 00000000 fd:00 403268                             /usr/java/jdk1.7.0_67/bin/java
014ef000-01510000 rw-p 00000000 00:00 0                                  [heap]
701e00000-703300000 rw-p 00000000 00:00 0 
703300000-707000000 rw-p 00000000 00:00 0 
707000000-711600000 rw-p 00000000 00:00 0 
711600000-7ad000000 rw-p 00000000 00:00 0 
7ad000000-7b2300000 rw-p 00000000 00:00 0 
7b2300000-800000000 rw-p 00000000 00:00 0 
7f5615000000-7f5615270000 rwxp 00000000 00:00 0 
7f5615270000-7f5618036000 rw-p 00000000 00:00 0 
7f5618036000-7f561c000000 ---p 00000000 00:00 0 
7f561c8c7000-7f561cb0e000 rw-p 00000000 00:00 0 
7f561cb0e000-7f561cb0f000 ---p 00000000 00:00 0 
7f561cb0f000-7f561cc0f000 rw-p 00000000 00:00 0 
7f561cc0f000-7f561cc10000 ---p 00000000 00:00 0 
7f561cc10000-7f561cd10000 rw-p 00000000 00:00 0                          [stack:24821]
7f561cd10000-7f561cd11000 ---p 00000000 00:00 0 
7f561cd11000-7f561ce11000 rw-p 00000000 00:00 0                          [stack:24820]
7f561ce11000-7f561ce12000 ---p 00000000 00:00 0 
7f561ce12000-7f561cf12000 rw-p 00000000 00:00 0                          [stack:24819]
7f561cf12000-7f561cf13000 ---p 00000000 00:00 0 
7f561cf13000-7f561d013000 rw-p 00000000 00:00 0                          [stack:24818]
7f561d013000-7f561d014000 ---p 00000000 00:00 0 
7f561d014000-7f561d114000 rw-p 00000000 00:00 0                          [stack:24817]
7f561d114000-7f561d115000 ---p 00000000 00:00 0 
7f561d115000-7f561d215000 rw-p 00000000 00:00 0                          [stack:24816]
7f561d215000-7f561d216000 ---p 00000000 00:00 0 
7f561d216000-7f561d321000 rw-p 00000000 00:00 0                          [stack:24815]
7f561d321000-7f561d33f000 rw-p 00000000 00:00 0 
7f561d33f000-7f561d392000 rw-p 00000000 00:00 0 
7f561d392000-7f561d86f000 rw-p 00000000 00:00 0 
7f561d86f000-7f561d87a000 rw-p 00000000 00:00 0 
7f561d87a000-7f561d898000 rw-p 00000000 00:00 0 
7f561d898000-7f561d8eb000 rw-p 00000000 00:00 0 
7f561d8eb000-7f561ddc8000 rw-p 00000000 00:00 0 
7f561ddc8000-7f561ddf2000 rw-p 00000000 00:00 0 
7f561ddf2000-7f561e060000 rw-p 00000000 00:00 0 
7f561e060000-7f561e061000 rw-p 00000000 00:00 0 
7f561e061000-7f561e07b000 r-xp 00000000 fd:00 403443                     /usr/java/jdk1.7.0_67/jre/lib/amd64/libzip.so
7f561e07b000-7f561e27b000 ---p 0001a000 fd:00 403443                     /usr/java/jdk1.7.0_67/jre/lib/amd64/libzip.so
7f561e27b000-7f561e27c000 rw-p 0001a000 fd:00 403443                     /usr/java/jdk1.7.0_67/jre/lib/amd64/libzip.so
7f561e27c000-7f561e287000 r-xp 00000000 fd:00 270286                     /usr/lib64/libnss_files-2.18.so
7f561e287000-7f561e486000 ---p 0000b000 fd:00 270286                     /usr/lib64/libnss_files-2.18.so
7f561e486000-7f561e487000 r--p 0000a000 fd:00 270286                     /usr/lib64/libnss_files-2.18.so
7f561e487000-7f561e488000 rw-p 0000b000 fd:00 270286                     /usr/lib64/libnss_files-2.18.so
7f561e488000-7f561e4b1000 r-xp 00000000 fd:00 403413                     /usr/java/jdk1.7.0_67/jre/lib/amd64/libjava.so
7f561e4b1000-7f561e6b1000 ---p 00029000 fd:00 403413                     /usr/java/jdk1.7.0_67/jre/lib/amd64/libjava.so
7f561e6b1000-7f561e6b3000 rw-p 00029000 fd:00 403413                     /usr/java/jdk1.7.0_67/jre/lib/amd64/libjava.so
7f561e6b3000-7f561e6c0000 r-xp 00000000 fd:00 403442                     /usr/java/jdk1.7.0_67/jre/lib/amd64/libverify.so
7f561e6c0000-7f561e8bf000 ---p 0000d000 fd:00 403442                     /usr/java/jdk1.7.0_67/jre/lib/amd64/libverify.so
7f561e8bf000-7f561e8c1000 rw-p 0000c000 fd:00 403442                     /usr/java/jdk1.7.0_67/jre/lib/amd64/libverify.so
7f561e8c1000-7f561e8c8000 r-xp 00000000 fd:00 270298                     /usr/lib64/librt-2.18.so
7f561e8c8000-7f561eac7000 ---p 00007000 fd:00 270298                     /usr/lib64/librt-2.18.so
7f561eac7000-7f561eac8000 r--p 00006000 fd:00 270298                     /usr/lib64/librt-2.18.so
7f561eac8000-7f561eac9000 rw-p 00007000 fd:00 270298                     /usr/lib64/librt-2.18.so
7f561eac9000-7f561ebce000 r-xp 00000000 fd:00 270276                     /usr/lib64/libm-2.18.so
7f561ebce000-7f561edce000 ---p 00105000 fd:00 270276                     /usr/lib64/libm-2.18.so
7f561edce000-7f561edcf000 r--p 00105000 fd:00 270276                     /usr/lib64/libm-2.18.so
7f561edcf000-7f561edd0000 rw-p 00106000 fd:00 270276                     /usr/lib64/libm-2.18.so
7f561edd0000-7f561f940000 r-xp 00000000 fd:00 403447                     /usr/java/jdk1.7.0_67/jre/lib/amd64/server/libjvm.so
7f561f940000-7f561fb3f000 ---p 00b70000 fd:00 403447                     /usr/java/jdk1.7.0_67/jre/lib/amd64/server/libjvm.so
7f561fb3f000-7f561fc04000 rw-p 00b6f000 fd:00 403447                     /usr/java/jdk1.7.0_67/jre/lib/amd64/server/libjvm.so
7f561fc04000-7f561fc44000 rw-p 00000000 00:00 0 
7f561fc44000-7f561fdf8000 r-xp 00000000 fd:00 269414                     /usr/lib64/libc-2.18.so
7f561fdf8000-7f561fff7000 ---p 001b4000 fd:00 269414                     /usr/lib64/libc-2.18.so
7f561fff7000-7f561fffb000 r--p 001b3000 fd:00 269414                     /usr/lib64/libc-2.18.so
7f561fffb000-7f561fffd000 rw-p 001b7000 fd:00 269414                     /usr/lib64/libc-2.18.so
7f561fffd000-7f5620002000 rw-p 00000000 00:00 0 
7f5620002000-7f5620005000 r-xp 00000000 fd:00 270274                     /usr/lib64/libdl-2.18.so
7f5620005000-7f5620204000 ---p 00003000 fd:00 270274                     /usr/lib64/libdl-2.18.so
7f5620204000-7f5620205000 r--p 00002000 fd:00 270274                     /usr/lib64/libdl-2.18.so
7f5620205000-7f5620206000 rw-p 00003000 fd:00 270274                     /usr/lib64/libdl-2.18.so
7f5620206000-7f562021c000 r-xp 00000000 fd:00 1319055                    /usr/java/jdk1.7.0_67/lib/amd64/jli/libjli.so
7f562021c000-7f562041c000 ---p 00016000 fd:00 1319055                    /usr/java/jdk1.7.0_67/lib/amd64/jli/libjli.so
7f562041c000-7f562041d000 rw-p 00016000 fd:00 1319055                    /usr/java/jdk1.7.0_67/lib/amd64/jli/libjli.so
7f562041d000-7f5620435000 r-xp 00000000 fd:00 270294                     /usr/lib64/libpthread-2.18.so
7f5620435000-7f5620634000 ---p 00018000 fd:00 270294                     /usr/lib64/libpthread-2.18.so
7f5620634000-7f5620635000 r--p 00017000 fd:00 270294                     /usr/lib64/libpthread-2.18.so
7f5620635000-7f5620636000 rw-p 00018000 fd:00 270294                     /usr/lib64/libpthread-2.18.so
7f5620636000-7f562063a000 rw-p 00000000 00:00 0 
7f562063a000-7f562065a000 r-xp 00000000 fd:00 262268                     /usr/lib64/ld-2.18.so
7f5620670000-7f562067a000 rw-p 00000000 00:00 0 
7f562067a000-7f5620730000 rw-p 00000000 00:00 0 
7f5620730000-7f5620733000 ---p 00000000 00:00 0 
7f5620733000-7f5620835000 rw-p 00000000 00:00 0                          [stack:24814]
7f562084c000-7f562084e000 rw-p 00000000 00:00 0 
7f562084e000-7f5620856000 rw-s 00000000 00:25 590820                     /tmp/hsperfdata_jlgranda/24812
7f5620856000-7f5620857000 rw-p 00000000 00:00 0 
7f5620857000-7f5620858000 r--p 00000000 00:00 0 
7f5620858000-7f5620859000 rw-p 00000000 00:00 0 
7f5620859000-7f562085a000 r--p 0001f000 fd:00 262268                     /usr/lib64/ld-2.18.so
7f562085a000-7f562085b000 rw-p 00020000 fd:00 262268                     /usr/lib64/ld-2.18.so
7f562085b000-7f562085c000 rw-p 00000000 00:00 0 
7ffcd99b0000-7ffcd99d1000 rw-p 00000000 00:00 0                          [stack]
7ffcd99f5000-7ffcd99f7000 r--p 00000000 00:00 0                          [vvar]
7ffcd99f7000-7ffcd99f9000 r-xp 00000000 00:00 0                          [vdso]
ffffffffff600000-ffffffffff601000 r-xp 00000000 00:00 0                  [vsyscall]

VM Arguments:
jvm_args: -Dclassworlds.conf=/home/jlgranda/netbeans-8.0.1/java/maven/bin/m2.conf -Dmaven.home=/home/jlgranda/netbeans-8.0.1/java/maven 
java_command: org.codehaus.plexus.classworlds.launcher.Launcher -Dmaven.ext.class.path=/home/jlgranda/netbeans-8.0.1/java/maven-nblib/netbeans-eventspy.jar clean
Launcher Type: SUN_STANDARD

Environment Variables:
JAVA_HOME=/usr/java/jdk1.7.0_67
PATH=/usr/lib64/qt-3.3/bin:/usr/local/bin:/usr/bin:/bin:/usr/local/sbin:/usr/sbin:/home/jlgranda/.local/bin:/home/jlgranda/bin
USERNAME=jlgranda
LD_LIBRARY_PATH=/usr/java/latest/jre/lib/amd64:/usr/java/latest/jre/lib/i386:
SHELL=/bin/bash
DISPLAY=:0

Signal Handlers:
SIGSEGV: [libjvm.so+0x99f4a0], sa_mask[0]=0x7ffbfeff, sa_flags=0x10000004
SIGBUS: [libjvm.so+0x99f4a0], sa_mask[0]=0x7ffbfeff, sa_flags=0x10000004
SIGFPE: [libjvm.so+0x81a860], sa_mask[0]=0x7ffbfeff, sa_flags=0x10000004
SIGPIPE: [libjvm.so+0x81a860], sa_mask[0]=0x7ffbfeff, sa_flags=0x10000004
SIGXFSZ: [libjvm.so+0x81a860], sa_mask[0]=0x7ffbfeff, sa_flags=0x10000004
SIGILL: [libjvm.so+0x81a860], sa_mask[0]=0x7ffbfeff, sa_flags=0x10000004
SIGUSR1: SIG_DFL, sa_mask[0]=0x00000000, sa_flags=0x00000000
SIGUSR2: [libjvm.so+0x81c060], sa_mask[0]=0x00000004, sa_flags=0x10000004
SIGHUP: SIG_DFL, sa_mask[0]=0x00000000, sa_flags=0x00000000
SIGINT: SIG_IGN, sa_mask[0]=0x00000000, sa_flags=0x00000000
SIGTERM: SIG_DFL, sa_mask[0]=0x00000000, sa_flags=0x00000000
SIGQUIT: SIG_DFL, sa_mask[0]=0x00000000, sa_flags=0x00000000


---------------  S Y S T E M  ---------------

OS:Fedora release 20 (Heisenbug)

uname:Linux 3.19.3-100.fc20.x86_64 #1 SMP Fri Mar 27 16:53:47 UTC 2015 x86_64
libc:glibc 2.18 NPTL 2.18 
rlimit: STACK 8192k, CORE 0k, NPROC 1024, NOFILE 4096, AS infinity
load average:0.30 0.46 0.48

/proc/meminfo:
MemTotal:       16318300 kB
MemFree:         6688260 kB
MemAvailable:   10409920 kB
Buffers:          650940 kB
Cached:          3479760 kB
SwapCached:            0 kB
Active:          6671480 kB
Inactive:        2164836 kB
Active(anon):    4770516 kB
Inactive(anon):   533004 kB
Active(file):    1900964 kB
Inactive(file):  1631832 kB
Unevictable:          16 kB
Mlocked:              16 kB
SwapTotal:       8200188 kB
SwapFree:        8200188 kB
Dirty:               664 kB
Writeback:             0 kB
AnonPages:       4705832 kB
Mapped:           464828 kB
Shmem:            597916 kB
Slab:             529236 kB
SReclaimable:     442280 kB
SUnreclaim:        86956 kB
KernelStack:       20336 kB
PageTables:        41820 kB
NFS_Unstable:          0 kB
Bounce:                0 kB
WritebackTmp:          0 kB
CommitLimit:    16359336 kB
Committed_AS:    9329016 kB
VmallocTotal:   34359738367 kB
VmallocUsed:      403236 kB
VmallocChunk:   34359212872 kB
HardwareCorrupted:     0 kB
AnonHugePages:         0 kB
HugePages_Total:       0
HugePages_Free:        0
HugePages_Rsvd:        0
HugePages_Surp:        0
Hugepagesize:       2048 kB
DirectMap4k:      155212 kB
DirectMap2M:     8118272 kB
DirectMap1G:     9437184 kB


CPU:total 8 (4 cores per cpu, 2 threads per core) family 6 model 60 stepping 3, cmov, cx8, fxsr, mmx, sse, sse2, sse3, ssse3, sse4.1, sse4.2, popcnt, avx, avx2, aes, erms, ht, tsc, tscinvbit

/proc/cpuinfo:
processor	: 0
vendor_id	: GenuineIntel
cpu family	: 6
model		: 60
model name	: Intel(R) Core(TM) i7-4770 CPU @ 3.40GHz
stepping	: 3
microcode	: 0x17
cpu MHz		: 3717.421
cache size	: 8192 KB
physical id	: 0
siblings	: 8
core id		: 0
cpu cores	: 4
apicid		: 0
initial apicid	: 0
fpu		: yes
fpu_exception	: yes
cpuid level	: 13
wp		: yes
flags		: fpu vme de pse tsc msr pae mce cx8 apic sep mtrr pge mca cmov pat pse36 clflush dts acpi mmx fxsr sse sse2 ss ht tm pbe syscall nx pdpe1gb rdtscp lm constant_tsc arch_perfmon pebs bts rep_good nopl xtopology nonstop_tsc aperfmperf eagerfpu pni pclmulqdq dtes64 monitor ds_cpl vmx smx est tm2 ssse3 fma cx16 xtpr pdcm pcid sse4_1 sse4_2 x2apic movbe popcnt tsc_deadline_timer aes xsave avx f16c rdrand lahf_lm abm ida arat pln pts dtherm tpr_shadow vnmi flexpriority ept vpid fsgsbase tsc_adjust bmi1 hle avx2 smep bmi2 erms invpcid rtm xsaveopt
bugs		:
bogomips	: 6800.32
clflush size	: 64
cache_alignment	: 64
address sizes	: 39 bits physical, 48 bits virtual
power management:

processor	: 1
vendor_id	: GenuineIntel
cpu family	: 6
model		: 60
model name	: Intel(R) Core(TM) i7-4770 CPU @ 3.40GHz
stepping	: 3
microcode	: 0x17
cpu MHz		: 3751.023
cache size	: 8192 KB
physical id	: 0
siblings	: 8
core id		: 1
cpu cores	: 4
apicid		: 2
initial apicid	: 2
fpu		: yes
fpu_exception	: yes
cpuid level	: 13
wp		: yes
flags		: fpu vme de pse tsc msr pae mce cx8 apic sep mtrr pge mca cmov pat pse36 clflush dts acpi mmx fxsr sse sse2 ss ht tm pbe syscall nx pdpe1gb rdtscp lm constant_tsc arch_perfmon pebs bts rep_good nopl xtopology nonstop_tsc aperfmperf eagerfpu pni pclmulqdq dtes64 monitor ds_cpl vmx smx est tm2 ssse3 fma cx16 xtpr pdcm pcid sse4_1 sse4_2 x2apic movbe popcnt tsc_deadline_timer aes xsave avx f16c rdrand lahf_lm abm ida arat pln pts dtherm tpr_shadow vnmi flexpriority ept vpid fsgsbase tsc_adjust bmi1 hle avx2 smep bmi2 erms invpcid rtm xsaveopt
bugs		:
bogomips	: 6800.32
clflush size	: 64
cache_alignment	: 64
address sizes	: 39 bits physical, 48 bits virtual
power management:

processor	: 2
vendor_id	: GenuineIntel
cpu family	: 6
model		: 60
model name	: Intel(R) Core(TM) i7-4770 CPU @ 3.40GHz
stepping	: 3
microcode	: 0x17
cpu MHz		: 3798.968
cache size	: 8192 KB
physical id	: 0
siblings	: 8
core id		: 2
cpu cores	: 4
apicid		: 4
initial apicid	: 4
fpu		: yes
fpu_exception	: yes
cpuid level	: 13
wp		: yes
flags		: fpu vme de pse tsc msr pae mce cx8 apic sep mtrr pge mca cmov pat pse36 clflush dts acpi mmx fxsr sse sse2 ss ht tm pbe syscall nx pdpe1gb rdtscp lm constant_tsc arch_perfmon pebs bts rep_good nopl xtopology nonstop_tsc aperfmperf eagerfpu pni pclmulqdq dtes64 monitor ds_cpl vmx smx est tm2 ssse3 fma cx16 xtpr pdcm pcid sse4_1 sse4_2 x2apic movbe popcnt tsc_deadline_timer aes xsave avx f16c rdrand lahf_lm abm ida arat pln pts dtherm tpr_shadow vnmi flexpriority ept vpid fsgsbase tsc_adjust bmi1 hle avx2 smep bmi2 erms invpcid rtm xsaveopt
bugs		:
bogomips	: 6800.32
clflush size	: 64
cache_alignment	: 64
address sizes	: 39 bits physical, 48 bits virtual
power management:

processor	: 3
vendor_id	: GenuineIntel
cpu family	: 6
model		: 60
model name	: Intel(R) Core(TM) i7-4770 CPU @ 3.40GHz
stepping	: 3
microcode	: 0x17
cpu MHz		: 3737.742
cache size	: 8192 KB
physical id	: 0
siblings	: 8
core id		: 3
cpu cores	: 4
apicid		: 6
initial apicid	: 6
fpu		: yes
fpu_exception	: yes
cpuid level	: 13
wp		: yes
flags		: fpu vme de pse tsc msr pae mce cx8 apic sep mtrr pge mca cmov pat pse36 clflush dts acpi mmx fxsr sse sse2 ss ht tm pbe syscall nx pdpe1gb rdtscp lm constant_tsc arch_perfmon pebs bts rep_good nopl xtopology nonstop_tsc aperfmperf eagerfpu pni pclmulqdq dtes64 monitor ds_cpl vmx smx est tm2 ssse3 fma cx16 xtpr pdcm pcid sse4_1 sse4_2 x2apic movbe popcnt tsc_deadline_timer aes xsave avx f16c rdrand lahf_lm abm ida arat pln pts dtherm tpr_shadow vnmi flexpriority ept vpid fsgsbase tsc_adjust bmi1 hle avx2 smep bmi2 erms invpcid rtm xsaveopt
bugs		:
bogomips	: 6800.32
clflush size	: 64
cache_alignment	: 64
address sizes	: 39 bits physical, 48 bits virtual
power management:

processor	: 4
vendor_id	: GenuineIntel
cpu family	: 6
model		: 60
model name	: Intel(R) Core(TM) i7-4770 CPU @ 3.40GHz
stepping	: 3
microcode	: 0x17
cpu MHz		: 3723.531
cache size	: 8192 KB
physical id	: 0
siblings	: 8
core id		: 0
cpu cores	: 4
apicid		: 1
initial apicid	: 1
fpu		: yes
fpu_exception	: yes
cpuid level	: 13
wp		: yes
flags		: fpu vme de pse tsc msr pae mce cx8 apic sep mtrr pge mca cmov pat pse36 clflush dts acpi mmx fxsr sse sse2 ss ht tm pbe syscall nx pdpe1gb rdtscp lm constant_tsc arch_perfmon pebs bts rep_good nopl xtopology nonstop_tsc aperfmperf eagerfpu pni pclmulqdq dtes64 monitor ds_cpl vmx smx est tm2 ssse3 fma cx16 xtpr pdcm pcid sse4_1 sse4_2 x2apic movbe popcnt tsc_deadline_timer aes xsave avx f16c rdrand lahf_lm abm ida arat pln pts dtherm tpr_shadow vnmi flexpriority ept vpid fsgsbase tsc_adjust bmi1 hle avx2 smep bmi2 erms invpcid rtm xsaveopt
bugs		:
bogomips	: 6800.32
clflush size	: 64
cache_alignment	: 64
address sizes	: 39 bits physical, 48 bits virtual
power management:

processor	: 5
vendor_id	: GenuineIntel
cpu family	: 6
model		: 60
model name	: Intel(R) Core(TM) i7-4770 CPU @ 3.40GHz
stepping	: 3
microcode	: 0x17
cpu MHz		: 3753.148
cache size	: 8192 KB
physical id	: 0
siblings	: 8
core id		: 1
cpu cores	: 4
apicid		: 3
initial apicid	: 3
fpu		: yes
fpu_exception	: yes
cpuid level	: 13
wp		: yes
flags		: fpu vme de pse tsc msr pae mce cx8 apic sep mtrr pge mca cmov pat pse36 clflush dts acpi mmx fxsr sse sse2 ss ht tm pbe syscall nx pdpe1gb rdtscp lm constant_tsc arch_perfmon pebs bts rep_good nopl xtopology nonstop_tsc aperfmperf eagerfpu pni pclmulqdq dtes64 monitor ds_cpl vmx smx est tm2 ssse3 fma cx16 xtpr pdcm pcid sse4_1 sse4_2 x2apic movbe popcnt tsc_deadline_timer aes xsave avx f16c rdrand lahf_lm abm ida arat pln pts dtherm tpr_shadow vnmi flexpriority ept vpid fsgsbase tsc_adjust bmi1 hle avx2 smep bmi2 erms invpcid rtm xsaveopt
bugs		:
bogomips	: 6800.32
clflush size	: 64
cache_alignment	: 64
address sizes	: 39 bits physical, 48 bits virtual
power management:

processor	: 6
vendor_id	: GenuineIntel
cpu family	: 6
model		: 60
model name	: Intel(R) Core(TM) i7-4770 CPU @ 3.40GHz
stepping	: 3
microcode	: 0x17
cpu MHz		: 3730.570
cache size	: 8192 KB
physical id	: 0
siblings	: 8
core id		: 2
cpu cores	: 4
apicid		: 5
initial apicid	: 5
fpu		: yes
fpu_exception	: yes
cpuid level	: 13
wp		: yes
flags		: fpu vme de pse tsc msr pae mce cx8 apic sep mtrr pge mca cmov pat pse36 clflush dts acpi mmx fxsr sse sse2 ss ht tm pbe syscall nx pdpe1gb rdtscp lm constant_tsc arch_perfmon pebs bts rep_good nopl xtopology nonstop_tsc aperfmperf eagerfpu pni pclmulqdq dtes64 monitor ds_cpl vmx smx est tm2 ssse3 fma cx16 xtpr pdcm pcid sse4_1 sse4_2 x2apic movbe popcnt tsc_deadline_timer aes xsave avx f16c rdrand lahf_lm abm ida arat pln pts dtherm tpr_shadow vnmi flexpriority ept vpid fsgsbase tsc_adjust bmi1 hle avx2 smep bmi2 erms invpcid rtm xsaveopt
bugs		:
bogomips	: 6800.32
clflush size	: 64
cache_alignment	: 64
address sizes	: 39 bits physical, 48 bits virtual
power management:

processor	: 7
vendor_id	: GenuineIntel
cpu family	: 6
model		: 60
model name	: Intel(R) Core(TM) i7-4770 CPU @ 3.40GHz
stepping	: 3
microcode	: 0x17
cpu MHz		: 3731.367
cache size	: 8192 KB
physical id	: 0
siblings	: 8
core id		: 3
cpu cores	: 4
apicid		: 7
initial apicid	: 7
fpu		: yes
fpu_exception	: yes
cpuid level	: 13
wp		: yes
flags		: fpu vme de pse tsc msr pae mce cx8 apic sep mtrr pge mca cmov pat pse36 clflush dts acpi mmx fxsr sse sse2 ss ht tm pbe syscall nx pdpe1gb rdtscp lm constant_tsc arch_perfmon pebs bts rep_good nopl xtopology nonstop_tsc aperfmperf eagerfpu pni pclmulqdq dtes64 monitor ds_cpl vmx smx est tm2 ssse3 fma cx16 xtpr pdcm pcid sse4_1 sse4_2 x2apic movbe popcnt tsc_deadline_timer aes xsave avx f16c rdrand lahf_lm abm ida arat pln pts dtherm tpr_shadow vnmi flexpriority ept vpid fsgsbase tsc_adjust bmi1 hle avx2 smep bmi2 erms invpcid rtm xsaveopt
bugs		:
bogomips	: 6800.32
clflush size	: 64
cache_alignment	: 64
address sizes	: 39 bits physical, 48 bits virtual
power management:



Memory: 4k page, physical 16318300k(6688260k free), swap 8200188k(8200188k free)

vm_info: Java HotSpot(TM) 64-Bit Server VM (24.65-b04) for linux-amd64 JRE (1.7.0_67-b01), built on Jul 25 2014 09:20:21 by "java_re" with gcc 4.3.0 20080428 (Red Hat 4.3.0-8)

time: Tue May  5 20:54:32 2015
elapsed time: 0 seconds

